<?xml version="1.0" encoding="UTF-8"?>
<!-- Generated by org.testng.reporters.JUnitReportReporter -->
<testsuite hostname="DESKTOP-HCDROLM" failures="0" tests="1" name="com.getRequest.test.GetData" time="3.946" errors="0" timestamp="01 Oct 2020 21:38:32 GMT" skipped="0">
  <testcase classname="com.getRequest.test.GetData" name="testDeckID" time="3.946"/>
</testsuite> <!-- com.getRequest.test.GetData -->
